<?xml version="1.0" encoding="UTF-8"?>
<!-- Generated by org.testng.reporters.JUnitReportReporter -->
<testsuite hostname="DESKTOP-3L9FMC9" failures="0" tests="3" name="Main.TestCases" time="34.347" errors="0" timestamp="2023-06-24T15:43:30 IST" skipped="0">
  <testcase classname="Main.TestCases" name="test3" time="16.490"/>
  <testcase classname="Main.TestCases" name="test2" time="11.778"/>
  <testcase classname="Main.TestCases" name="test1" time="6.079"/>
</testsuite> <!-- Main.TestCases -->
