<?xml version="1.0" encoding="UTF-8"?>
<!-- Generated by org.testng.reporters.JUnitReportReporter -->
<testsuite hostname="DESKTOP-3L9FMC9" failures="0" tests="6" name="Main.TestCases" time="67.473" errors="0" timestamp="2023-06-27T11:37:49 IST" skipped="0">
  <testcase classname="Main.TestCases" name="test2" time="10.632"/>
  <testcase classname="Main.TestCases" name="test3" time="15.608"/>
  <testcase classname="Main.TestCases" name="test3" time="17.995"/>
  <testcase classname="Main.TestCases" name="test1" time="10.138"/>
  <testcase classname="Main.TestCases" name="test2" time="3.884"/>
  <testcase classname="Main.TestCases" name="test1" time="9.216"/>
</testsuite> <!-- Main.TestCases -->
